0 verbose cli C:\Program Files\nodejs\node.exe C:\Users\user\AppData\Roaming\npm\node_modules\npm\bin\npm-cli.js
1 info using npm@10.0.0
2 info using node@v20.14.0
3 timing npm:load:whichnode Completed in 4ms
4 timing config:load:defaults Completed in 21ms
5 timing config:load:file:C:\Users\user\AppData\Roaming\npm\node_modules\npm\npmrc Completed in 4ms
6 timing config:load:builtin Completed in 6ms
7 timing config:load:cli Completed in 4ms
8 timing config:load:env Completed in 2ms
9 timing config:load:file:C:\projects\hydrogen-demo9\.npmrc Completed in 1ms
10 timing config:load:project Completed in 4ms
11 timing config:load:file:C:\Users\user\.npmrc Completed in 1ms
12 timing config:load:user Completed in 2ms
13 timing config:load:file:C:\Users\user\AppData\Roaming\npm\etc\npmrc Completed in 3ms
14 timing config:load:global Completed in 3ms
15 timing config:load:setEnvs Completed in 1ms
16 timing config:load Completed in 44ms
17 timing npm:load:configload Completed in 44ms
18 timing config:load:flatten Completed in 5ms
19 timing npm:load:mkdirpcache Completed in 146ms
20 timing npm:load:mkdirplogs Completed in 63ms
21 verbose title npm prefix
22 verbose argv "prefix"
23 timing npm:load:setTitle Completed in 72ms
24 timing npm:load:display Completed in 1ms
25 verbose logfile logs-max:10 dir:C:\projects\hydrogen-demo9\UsersuserAppDataRoamingnpm-cache\_logs\2024-09-20T09_59_38_445Z-
26 verbose logfile C:\projects\hydrogen-demo9\UsersuserAppDataRoamingnpm-cache\_logs\2024-09-20T09_59_38_445Z-debug-0.log
27 timing npm:load:logFile Completed in 29ms
28 timing npm:load:timers Completed in 0ms
29 timing npm:load:configScope Completed in 0ms
30 timing npm:load Completed in 419ms
31 timing command:prefix Completed in 4ms
32 verbose exit 0
33 timing npm Completed in 747ms
34 info ok
