0 verbose cli C:\Program Files\nodejs\node.exe C:\Users\user\AppData\Roaming\npm\node_modules\npm\bin\npm-cli.js
1 info using npm@10.8.3
2 info using node@v20.14.0
3 silly config load:file:C:\Users\user\AppData\Roaming\npm\node_modules\npm\npmrc
4 silly config load:file:C:\projects\hydrogen-demo9\.npmrc
5 silly config load:file:C:\Users\user\.npmrc
6 silly config load:file:C:\Users\user\AppData\Roaming\npm\etc\npmrc
7 verbose title npm run biuld
8 verbose argv "run" "biuld"
9 verbose logfile logs-max:10 dir:C:\projects\hydrogen-demo9\UsersuserAppDataRoamingnpm-cache\_logs\2024-09-29T14_33_34_512Z-
10 verbose logfile C:\projects\hydrogen-demo9\UsersuserAppDataRoamingnpm-cache\_logs\2024-09-29T14_33_34_512Z-debug-0.log
11 silly logfile start cleaning logs, removing 4 files
12 verbose stack Error: Missing script: "biuld"
12 verbose stack
12 verbose stack To see a list of scripts, run:
12 verbose stack   npm run
12 verbose stack     at #run (C:\Users\user\AppData\Roaming\npm\node_modules\npm\lib\commands\run-script.js:110:13)
12 verbose stack     at async RunScript.exec (C:\Users\user\AppData\Roaming\npm\node_modules\npm\lib\commands\run-script.js:39:7)
12 verbose stack     at async Npm.exec (C:\Users\user\AppData\Roaming\npm\node_modules\npm\lib\npm.js:207:9)
12 verbose stack     at async module.exports (C:\Users\user\AppData\Roaming\npm\node_modules\npm\lib\cli\entry.js:74:5)
13 error Missing script: "biuld"
13 error
13 error To see a list of scripts, run:
13 error   npm run
14 verbose cwd C:\projects\hydrogen-demo9
15 verbose os Windows_NT 10.0.19045
16 verbose node v20.14.0
17 verbose npm  v10.8.3
18 verbose exit 1
19 verbose code 1
20 error A complete log of this run can be found in: C:\projects\hydrogen-demo9\UsersuserAppDataRoamingnpm-cache\_logs\2024-09-29T14_33_34_512Z-debug-0.log
